# JRE version: OpenJDK Runtime Environment Temurin-17.0.2+8 (17.0.2+8) (build 17.0.2+8)
# Java VM: OpenJDK 64-Bit Server VM Temurin-17.0.2+8 (17.0.2+8, mixed mode, emulated-client, tiered, compressed oops, compressed class ptrs, g1 gc, windows-amd64)
GC Precious Log:
 CPUs: 8 total, 8 available
 Memory: 16152M
 Large Page Support: Disabled
 NUMA Support: Disabled
 Compressed Oops: Enabled (Zero based)
 Heap Region Size: 2M
 Heap Min Capacity: 8M
 Heap Initial Capacity: 254M
 Heap Max Capacity: 4040M
 Pre-touch: Disabled
 Parallel Workers: 8
 Concurrent Workers: 2
 Concurrent Refinement Workers: 8
 Periodic GC: Disabled
Heap:
 garbage-first heap   total 180224K, used 60682K [0x0000000703800000, 0x0000000800000000)
  region size 2048K, 18 young (36864K), 1 survivors (2048K)
 Metaspace       used 75790K, committed 76224K, reserved 1122304K
  class space    used 9874K, committed 10112K, reserved 1048576K
GC Heap History (20 events):
Event: 2.708 GC heap before
{Heap before GC invocations=10 (full 0):
 garbage-first heap   total 61440K, used 49594K [0x0000000703800000, 0x0000000800000000)
  region size 2048K, 21 young (43008K), 3 survivors (6144K)
 Metaspace       used 39354K, committed 39744K, reserved 1089536K
  class space    used 4938K, committed 5120K, reserved 1048576K
}
Event: 2.717 GC heap after
{Heap after GC invocations=11 (full 0):
 garbage-first heap   total 61440K, used 16676K [0x0000000703800000, 0x0000000800000000)
  region size 2048K, 2 young (4096K), 2 survivors (4096K)
 Metaspace       used 39354K, committed 39744K, reserved 1089536K
  class space    used 4938K, committed 5120K, reserved 1048576K
}
Event: 2.734 GC heap before
{Heap before GC invocations=11 (full 0):
 garbage-first heap   total 61440K, used 18724K [0x0000000703800000, 0x0000000800000000)
  region size 2048K, 3 young (6144K), 2 survivors (4096K)
 Metaspace       used 39575K, committed 39936K, reserved 1089536K
  class space    used 4955K, committed 5120K, reserved 1048576K
}
Event: 2.741 GC heap after
{Heap after GC invocations=12 (full 0):
 garbage-first heap   total 161792K, used 17118K [0x0000000703800000, 0x0000000800000000)
  region size 2048K, 1 young (2048K), 1 survivors (2048K)
 Metaspace       used 39575K, committed 39936K, reserved 1089536K
  class space    used 4955K, committed 5120K, reserved 1048576K
}
Event: 3.460 GC heap before
{Heap before GC invocations=12 (full 0):
 garbage-first heap   total 161792K, used 111326K [0x0000000703800000, 0x0000000800000000)
  region size 2048K, 47 young (96256K), 1 survivors (2048K)
 Metaspace       used 48387K, committed 48768K, reserved 1097728K
  class space    used 6031K, committed 6208K, reserved 1048576K
}
Event: 3.464 GC heap after
{Heap after GC invocations=13 (full 0):
 garbage-first heap   total 161792K, used 19281K [0x0000000703800000, 0x0000000800000000)
  region size 2048K, 2 young (4096K), 2 survivors (4096K)
 Metaspace       used 48387K, committed 48768K, reserved 1097728K
  class space    used 6031K, committed 6208K, reserved 1048576K
}
Event: 4.152 GC heap before
{Heap before GC invocations=13 (full 0):
 garbage-first heap   total 161792K, used 113489K [0x0000000703800000, 0x0000000800000000)
  region size 2048K, 47 young (96256K), 2 survivors (4096K)
 Metaspace       used 56706K, committed 57024K, reserved 1105920K
  class space    used 7357K, committed 7488K, reserved 1048576K
}
Event: 4.157 GC heap after
{Heap after GC invocations=14 (full 0):
 garbage-first heap   total 161792K, used 23169K [0x0000000703800000, 0x0000000800000000)
  region size 2048K, 3 young (6144K), 3 survivors (6144K)
 Metaspace       used 56706K, committed 57024K, reserved 1105920K
  class space    used 7357K, committed 7488K, reserved 1048576K
}
Event: 4.536 GC heap before
{Heap before GC invocations=14 (full 0):
 garbage-first heap   total 161792K, used 68225K [0x0000000703800000, 0x0000000800000000)
  region size 2048K, 26 young (53248K), 3 survivors (6144K)
 Metaspace       used 60457K, committed 60800K, reserved 1105920K
  class space    used 7938K, committed 8128K, reserved 1048576K
}
Event: 4.541 GC heap after
{Heap after GC invocations=15 (full 0):
 garbage-first heap   total 161792K, used 24118K [0x0000000703800000, 0x0000000800000000)
  region size 2048K, 3 young (6144K), 3 survivors (6144K)
 Metaspace       used 60457K, committed 60800K, reserved 1105920K
  class space    used 7938K, committed 8128K, reserved 1048576K
}
Event: 4.903 GC heap before
{Heap before GC invocations=16 (full 0):
 garbage-first heap   total 90112K, used 71222K [0x0000000703800000, 0x0000000800000000)
  region size 2048K, 26 young (53248K), 3 survivors (6144K)
 Metaspace       used 63050K, committed 63488K, reserved 1105920K
  class space    used 8340K, committed 8576K, reserved 1048576K
}
Event: 4.909 GC heap after
{Heap after GC invocations=17 (full 0):
 garbage-first heap   total 90112K, used 26273K [0x0000000703800000, 0x0000000800000000)
  region size 2048K, 3 young (6144K), 3 survivors (6144K)
 Metaspace       used 63050K, committed 63488K, reserved 1105920K
  class space    used 8340K, committed 8576K, reserved 1048576K
}
Event: 4.931 GC heap before
{Heap before GC invocations=17 (full 0):
 garbage-first heap   total 90112K, used 28321K [0x0000000703800000, 0x0000000800000000)
  region size 2048K, 4 young (8192K), 3 survivors (6144K)
 Metaspace       used 63168K, committed 63616K, reserved 1105920K
  class space    used 8362K, committed 8576K, reserved 1048576K
}
Event: 4.936 GC heap after
{Heap after GC invocations=18 (full 0):
 garbage-first heap   total 90112K, used 26565K [0x0000000703800000, 0x0000000800000000)
  region size 2048K, 1 young (2048K), 1 survivors (2048K)
 Metaspace       used 63168K, committed 63616K, reserved 1105920K
  class space    used 8362K, committed 8576K, reserved 1048576K
}
Event: 5.316 GC heap before
{Heap before GC invocations=18 (full 0):
 garbage-first heap   total 90112K, used 71621K [0x0000000703800000, 0x0000000800000000)
  region size 2048K, 23 young (47104K), 1 survivors (2048K)
 Metaspace       used 65833K, committed 66240K, reserved 1114112K
  class space    used 8769K, committed 8960K, reserved 1048576K
}
Event: 5.320 GC heap after
{Heap after GC invocations=19 (full 0):
 garbage-first heap   total 90112K, used 28382K [0x0000000703800000, 0x0000000800000000)
  region size 2048K, 2 young (4096K), 2 survivors (4096K)
 Metaspace       used 65833K, committed 66240K, reserved 1114112K
  class space    used 8769K, committed 8960K, reserved 1048576K
}
Event: 5.608 GC heap before
{Heap before GC invocations=19 (full 0):
 garbage-first heap   total 90112K, used 71390K [0x0000000703800000, 0x0000000800000000)
  region size 2048K, 23 young (47104K), 2 survivors (4096K)
 Metaspace       used 69652K, committed 70016K, reserved 1114112K
  class space    used 9173K, committed 9344K, reserved 1048576K
}
Event: 5.613 GC heap after
{Heap after GC invocations=20 (full 0):
 garbage-first heap   total 90112K, used 29224K [0x0000000703800000, 0x0000000800000000)
  region size 2048K, 2 young (4096K), 2 survivors (4096K)
 Metaspace       used 69652K, committed 70016K, reserved 1114112K
  class space    used 9173K, committed 9344K, reserved 1048576K
}
Event: 5.863 GC heap before
{Heap before GC invocations=20 (full 0):
 garbage-first heap   total 90112K, used 70184K [0x0000000703800000, 0x0000000800000000)
  region size 2048K, 23 young (47104K), 2 survivors (4096K)
 Metaspace       used 73409K, committed 73920K, reserved 1114112K
  class space    used 9476K, committed 9728K, reserved 1048576K
}
Event: 5.868 GC heap after
{Heap after GC invocations=21 (full 0):
 garbage-first heap   total 180224K, used 29962K [0x0000000703800000, 0x0000000800000000)
  region size 2048K, 1 young (2048K), 1 survivors (2048K)
 Metaspace       used 73409K, committed 73920K, reserved 1114112K
  class space    used 9476K, committed 9728K, reserved 1048576K
}

